<?xml version="1.0" encoding="UTF-8"?>
<testsuite name="com.example.firstproject.service.ArticleServiceTest" tests="1" skipped="0" failures="0" errors="0" timestamp="2025-05-19T14:14:46.029Z" hostname="BOOK-V6BB307EN3" time="0.414">
  <properties/>
  <testcase name="create_실패()" classname="com.example.firstproject.service.ArticleServiceTest" time="0.414"/>
  <system-out><![CDATA[23:14:42.344 [Test worker] INFO org.springframework.test.context.support.AnnotationConfigContextLoaderUtils -- Could not detect default configuration classes for test class [com.example.firstproject.service.ArticleServiceTest]: ArticleServiceTest does not declare any static, non-private, non-final, nested classes annotated with @Configuration.
23:14:42.442 [Test worker] INFO org.springframework.boot.test.context.SpringBootTestContextBootstrapper -- Found @SpringBootConfiguration com.example.firstproject.FirstprojectApplication for test class com.example.firstproject.service.ArticleServiceTest

  .   ____          _            __ _ _
 /\\ / ___'_ __ _ _(_)_ __  __ _ \ \ \ \
( ( )\___ | '_ | '_| | '_ \/ _` | \ \ \ \
 \\/  ___)| |_)| | | | | || (_| |  ) ) ) )
  '  |____| .__|_| |_|_| |_\__, | / / / /
 =========|_|==============|___/=/_/_/_/
 :: Spring Boot ::                (v3.1.0)

2025-05-19T23:14:42.801+09:00  INFO 2900 --- [    Test worker] c.e.f.service.ArticleServiceTest         : Starting ArticleServiceTest using Java 17.0.15 with PID 2900 (started by sally in C:\Users\sally\firstproject)
2025-05-19T23:14:42.802+09:00  INFO 2900 --- [    Test worker] c.e.f.service.ArticleServiceTest         : No active profile set, falling back to 1 default profile: "default"
2025-05-19T23:14:43.329+09:00  INFO 2900 --- [    Test worker] .s.d.r.c.RepositoryConfigurationDelegate : Bootstrapping Spring Data JPA repositories in DEFAULT mode.
2025-05-19T23:14:43.382+09:00  INFO 2900 --- [    Test worker] .s.d.r.c.RepositoryConfigurationDelegate : Finished Spring Data repository scanning in 44 ms. Found 1 JPA repository interfaces.
2025-05-19T23:14:43.793+09:00  INFO 2900 --- [    Test worker] com.zaxxer.hikari.HikariDataSource       : HikariPool-1 - Starting...
2025-05-19T23:14:43.939+09:00  INFO 2900 --- [    Test worker] com.zaxxer.hikari.pool.HikariPool        : HikariPool-1 - Added connection conn0: url=jdbc:h2:mem:testdb user=SA
2025-05-19T23:14:43.940+09:00  INFO 2900 --- [    Test worker] com.zaxxer.hikari.HikariDataSource       : HikariPool-1 - Start completed.
2025-05-19T23:14:44.004+09:00  INFO 2900 --- [    Test worker] o.hibernate.jpa.internal.util.LogHelper  : HHH000204: Processing PersistenceUnitInfo [name: default]
2025-05-19T23:14:44.088+09:00  INFO 2900 --- [    Test worker] org.hibernate.Version                    : HHH000412: Hibernate ORM core version 6.2.2.Final
2025-05-19T23:14:44.091+09:00  INFO 2900 --- [    Test worker] org.hibernate.cfg.Environment            : HHH000406: Using bytecode reflection optimizer
2025-05-19T23:14:44.244+09:00  INFO 2900 --- [    Test worker] o.h.b.i.BytecodeProviderInitiator        : HHH000021: Bytecode provider name : bytebuddy
2025-05-19T23:14:44.380+09:00  INFO 2900 --- [    Test worker] o.s.o.j.p.SpringPersistenceUnitInfo      : No LoadTimeWeaver setup: ignoring JPA class transformer
2025-05-19T23:14:44.418+09:00  INFO 2900 --- [    Test worker] org.hibernate.orm.dialect                : HHH035001: Using dialect: org.hibernate.dialect.H2Dialect, version: 2.1.214
2025-05-19T23:14:44.593+09:00  INFO 2900 --- [    Test worker] o.h.b.i.BytecodeProviderInitiator        : HHH000021: Bytecode provider name : bytebuddy
2025-05-19T23:14:45.014+09:00  INFO 2900 --- [    Test worker] o.h.e.t.j.p.i.JtaPlatformInitiator       : HHH000490: Using JtaPlatform implementation: [org.hibernate.engine.transaction.jta.platform.internal.NoJtaPlatform]
2025-05-19T23:14:45.025+09:00 DEBUG 2900 --- [    Test worker] org.hibernate.SQL                        : 
    drop table if exists article cascade 
2025-05-19T23:14:45.037+09:00 DEBUG 2900 --- [    Test worker] org.hibernate.SQL                        : 
    create table article (
        id bigint generated by default as identity,
        content varchar(255),
        title varchar(255),
        primary key (id)
    )
2025-05-19T23:14:45.047+09:00  INFO 2900 --- [    Test worker] o.h.t.s.i.e.GenerationTargetToDatabase   : HHH000476: Executing script '[injected ScriptSourceInputNonExistentImpl script]'
2025-05-19T23:14:45.049+09:00  INFO 2900 --- [    Test worker] j.LocalContainerEntityManagerFactoryBean : Initialized JPA EntityManagerFactory for persistence unit 'default'
2025-05-19T23:14:45.523+09:00  WARN 2900 --- [    Test worker] JpaBaseConfiguration$JpaWebConfiguration : spring.jpa.open-in-view is enabled by default. Therefore, database queries may be performed during view rendering. Explicitly configure spring.jpa.open-in-view to disable this warning
2025-05-19T23:14:45.915+09:00  INFO 2900 --- [    Test worker] o.s.b.a.h2.H2ConsoleAutoConfiguration    : H2 console available at '/h2-console'. Database available at 'jdbc:h2:mem:testdb'
2025-05-19T23:14:46.003+09:00  INFO 2900 --- [    Test worker] c.e.f.service.ArticleServiceTest         : Started ArticleServiceTest in 3.411 seconds (process running for 4.438)
]]></system-out>
  <system-err><![CDATA[]]></system-err>
</testsuite>
